Determining if the pthread_create exist failed with the following output:
Change Dir: /home/richard/code/verified-math/build/CMakeFiles/CMakeTmp

Run Build Command:/usr/bin/make "cmTryCompileExec3485931174/fast"
/usr/bin/make -f CMakeFiles/cmTryCompileExec3485931174.dir/build.make CMakeFiles/cmTryCompileExec3485931174.dir/build
make[1]: Entering directory `/home/richard/code/verified-math/build/CMakeFiles/CMakeTmp'
/usr/bin/cmake -E cmake_progress_report /home/richard/code/verified-math/build/CMakeFiles/CMakeTmp/CMakeFiles 1
Building C object CMakeFiles/cmTryCompileExec3485931174.dir/CheckSymbolExists.c.o
/usr/bin/cc    -o CMakeFiles/cmTryCompileExec3485931174.dir/CheckSymbolExists.c.o   -c /home/richard/code/verified-math/build/CMakeFiles/CMakeTmp/CheckSymbolExists.c
Linking C executable cmTryCompileExec3485931174
/usr/bin/cmake -E cmake_link_script CMakeFiles/cmTryCompileExec3485931174.dir/link.txt --verbose=1
/usr/bin/cc       CMakeFiles/cmTryCompileExec3485931174.dir/CheckSymbolExists.c.o  -o cmTryCompileExec3485931174 -rdynamic 
CMakeFiles/cmTryCompileExec3485931174.dir/CheckSymbolExists.c.o: In function `main':
CheckSymbolExists.c:(.text+0x16): undefined reference to `pthread_create'
collect2: error: ld returned 1 exit status
make[1]: *** [cmTryCompileExec3485931174] Error 1
make[1]: Leaving directory `/home/richard/code/verified-math/build/CMakeFiles/CMakeTmp'
make: *** [cmTryCompileExec3485931174/fast] Error 2

File /home/richard/code/verified-math/build/CMakeFiles/CMakeTmp/CheckSymbolExists.c:
/* */
#include <pthread.h>

int main(int argc, char** argv)
{
  (void)argv;
#ifndef pthread_create
  return ((int*)(&pthread_create))[argc];
#else
  (void)argc;
  return 0;
#endif
}

Determining if the function pthread_create exists in the pthreads failed with the following output:
Change Dir: /home/richard/code/verified-math/build/CMakeFiles/CMakeTmp

Run Build Command:/usr/bin/make "cmTryCompileExec1436172068/fast"
/usr/bin/make -f CMakeFiles/cmTryCompileExec1436172068.dir/build.make CMakeFiles/cmTryCompileExec1436172068.dir/build
make[1]: Entering directory `/home/richard/code/verified-math/build/CMakeFiles/CMakeTmp'
/usr/bin/cmake -E cmake_progress_report /home/richard/code/verified-math/build/CMakeFiles/CMakeTmp/CMakeFiles 1
Building C object CMakeFiles/cmTryCompileExec1436172068.dir/CheckFunctionExists.c.o
/usr/bin/cc   -DCHECK_FUNCTION_EXISTS=pthread_create   -o CMakeFiles/cmTryCompileExec1436172068.dir/CheckFunctionExists.c.o   -c /usr/share/cmake-2.8/Modules/CheckFunctionExists.c
Linking C executable cmTryCompileExec1436172068
/usr/bin/cmake -E cmake_link_script CMakeFiles/cmTryCompileExec1436172068.dir/link.txt --verbose=1
/usr/bin/cc   -DCHECK_FUNCTION_EXISTS=pthread_create    CMakeFiles/cmTryCompileExec1436172068.dir/CheckFunctionExists.c.o  -o cmTryCompileExec1436172068 -rdynamic -lpthreads 
/usr/bin/ld: cannot find -lpthreads
collect2: error: ld returned 1 exit status
make[1]: *** [cmTryCompileExec1436172068] Error 1
make[1]: Leaving directory `/home/richard/code/verified-math/build/CMakeFiles/CMakeTmp'
make: *** [cmTryCompileExec1436172068/fast] Error 2


